<?xml version="1.0" encoding="UTF-8"?>
<testng-results ignored="0" total="3" passed="2" failed="1" skipped="0">
  <reporter-output>
  </reporter-output>
  <suite started-at="2021-02-08T21:28:22 IST" name="Suite" finished-at="2021-02-08T21:29:26 IST" duration-ms="63618">
    <groups>
    </groups>
    <test started-at="2021-02-08T21:28:22 IST" name="Test" finished-at="2021-02-08T21:29:06 IST" duration-ms="43979">
      <class name="endtoendtesting.test3">
        <test-method signature="qaclick()[pri:0, instance:endtoendtesting.test3@3541cb24]" started-at="2021-02-08T21:28:22 IST" name="qaclick" finished-at="2021-02-08T21:29:05 IST" duration-ms="42599" status="FAIL">
          <exception class="java.lang.AssertionError">
            <message>
              <![CDATA[expected [FEATURED COURSES1] but found [FEATURED COURSES]]]>
            </message>
            <full-stacktrace>
              <![CDATA[java.lang.AssertionError: expected [FEATURED COURSES1] but found [FEATURED COURSES]
at org.testng.Assert.fail(Assert.java:99)
at org.testng.Assert.failNotEquals(Assert.java:1037)
at org.testng.Assert.assertEqualsImpl(Assert.java:140)
at org.testng.Assert.assertEquals(Assert.java:122)
at org.testng.Assert.assertEquals(Assert.java:629)
at org.testng.Assert.assertEquals(Assert.java:639)
at endtoendtesting.test3.qaclick(test3.java:20)
at java.base/jdk.internal.reflect.NativeMethodAccessorImpl.invoke0(Native Method)
at java.base/jdk.internal.reflect.NativeMethodAccessorImpl.invoke(NativeMethodAccessorImpl.java:64)
at java.base/jdk.internal.reflect.DelegatingMethodAccessorImpl.invoke(DelegatingMethodAccessorImpl.java:43)
at java.base/java.lang.reflect.Method.invoke(Method.java:564)
at org.testng.internal.MethodInvocationHelper.invokeMethod(MethodInvocationHelper.java:132)
at org.testng.internal.TestInvoker.invokeMethod(TestInvoker.java:599)
at org.testng.internal.TestInvoker.invokeTestMethod(TestInvoker.java:174)
at org.testng.internal.MethodRunner.runInSequence(MethodRunner.java:46)
at org.testng.internal.TestInvoker$MethodInvocationAgent.invoke(TestInvoker.java:822)
at org.testng.internal.TestInvoker.invokeTestMethods(TestInvoker.java:147)
at org.testng.internal.TestMethodWorker.invokeTestMethods(TestMethodWorker.java:146)
at org.testng.internal.TestMethodWorker.run(TestMethodWorker.java:128)
at java.base/java.util.ArrayList.forEach(ArrayList.java:1511)
at org.testng.TestRunner.privateRun(TestRunner.java:764)
at org.testng.TestRunner.run(TestRunner.java:585)
at org.testng.SuiteRunner.runTest(SuiteRunner.java:384)
at org.testng.SuiteRunner.access$000(SuiteRunner.java:28)
at org.testng.SuiteRunner$SuiteWorker.run(SuiteRunner.java:425)
at org.testng.internal.thread.ThreadUtil.lambda$execute$0(ThreadUtil.java:66)
at java.base/java.util.concurrent.FutureTask.run(FutureTask.java:264)
at java.base/java.util.concurrent.ThreadPoolExecutor.runWorker(ThreadPoolExecutor.java:1130)
at java.base/java.util.concurrent.ThreadPoolExecutor$Worker.run(ThreadPoolExecutor.java:630)
at java.base/java.lang.Thread.run(Thread.java:832)
]]>
            </full-stacktrace>
          </exception> <!-- java.lang.AssertionError -->
          <reporter-output>
          </reporter-output>
        </test-method> <!-- qaclick -->
        <test-method is-config="true" signature="close()[pri:0, instance:endtoendtesting.test3@3541cb24]" started-at="2021-02-08T21:29:05 IST" name="close" finished-at="2021-02-08T21:29:06 IST" duration-ms="1200" status="PASS">
          <reporter-output>
          </reporter-output>
        </test-method> <!-- close -->
      </class> <!-- endtoendtesting.test3 -->
    </test> <!-- Test -->
    <test started-at="2021-02-08T21:28:22 IST" name="Test1" finished-at="2021-02-08T21:29:24 IST" duration-ms="61913">
      <class name="endtoendtesting.test1">
        <test-method signature="configuration()[pri:0, instance:endtoendtesting.test1@378542de]" started-at="2021-02-08T21:28:22 IST" name="configuration" finished-at="2021-02-08T21:29:17 IST" duration-ms="55425" status="PASS">
          <reporter-output>
          </reporter-output>
        </test-method> <!-- configuration -->
        <test-method is-config="true" signature="close()[pri:0, instance:endtoendtesting.test1@378542de]" started-at="2021-02-08T21:29:17 IST" name="close" finished-at="2021-02-08T21:29:24 IST" duration-ms="6419" status="PASS">
          <reporter-output>
          </reporter-output>
        </test-method> <!-- close -->
      </class> <!-- endtoendtesting.test1 -->
    </test> <!-- Test1 -->
    <test started-at="2021-02-08T21:28:22 IST" name="Test2" finished-at="2021-02-08T21:29:26 IST" duration-ms="63618">
      <class name="endtoendtesting.test2">
        <test-method signature="conf1()[pri:0, instance:endtoendtesting.test2@5fd4f8f5]" started-at="2021-02-08T21:28:22 IST" name="conf1" finished-at="2021-02-08T21:29:25 IST" duration-ms="62502" status="PASS">
          <reporter-output>
          </reporter-output>
        </test-method> <!-- conf1 -->
        <test-method is-config="true" signature="close()[pri:0, instance:endtoendtesting.test2@5fd4f8f5]" started-at="2021-02-08T21:29:25 IST" name="close" finished-at="2021-02-08T21:29:26 IST" duration-ms="1046" status="PASS">
          <reporter-output>
          </reporter-output>
        </test-method> <!-- close -->
      </class> <!-- endtoendtesting.test2 -->
    </test> <!-- Test2 -->
  </suite> <!-- Suite -->
</testng-results>
